\BOOKMARK [0][-]{chapter.1}{Wstep}{}% 1
\BOOKMARK [0][-]{chapter.2}{Tworzenie, autogenerowanie i testowanie harmonogram\363w}{}% 2
\BOOKMARK [1][-]{section.2.1}{Model i sp\363jnosc harmonogramu}{chapter.2}% 3
\BOOKMARK [1][-]{section.2.2}{Z\233ozonosc mechanizmu autogeneracji}{chapter.2}% 4
\BOOKMARK [1][-]{section.2.3}{Dostepne rozwiazania}{chapter.2}% 5
\BOOKMARK [1][-]{section.2.4}{Sterowanie generatorem i problemy autogenerowania}{chapter.2}% 6
\BOOKMARK [1][-]{section.2.5}{Kryterium wyboru najlepszego zestawu wydarzen}{chapter.2}% 7
\BOOKMARK [1][-]{section.2.6}{Mechanizm generujacy harmonogram}{chapter.2}% 8
\BOOKMARK [1][-]{section.2.7}{Manualne tworzenie i edycja harmonogram\363w}{chapter.2}% 9
\BOOKMARK [1][-]{section.2.8}{Technologie i narzedzia}{chapter.2}% 10
\BOOKMARK [0][-]{chapter.3}{Wymagania funkcjonalne i niefunkcjonalne}{}% 11
\BOOKMARK [0][-]{chapter.4}{Specyfikacja zewnetrzna}{}% 12
\BOOKMARK [1][-]{section.4.1}{Standardowa instalacja}{chapter.4}% 13
\BOOKMARK [1][-]{section.4.2}{Zaawansowana instalacja}{chapter.4}% 14
\BOOKMARK [1][-]{section.4.3}{Uzytkownicy i administracja systemem}{chapter.4}% 15
\BOOKMARK [1][-]{section.4.4}{Logowanie i g\233\363wny widok aplikacji}{chapter.4}% 16
\BOOKMARK [1][-]{section.4.5}{Dodawanie nauczycieli, sal, grup i przedmiot\363w}{chapter.4}% 17
\BOOKMARK [1][-]{section.4.6}{Definiowanie warunk\363w generacji}{chapter.4}% 18
\BOOKMARK [1][-]{section.4.7}{Tworzenie wydarzen bazowych i automatyczne generowanie}{chapter.4}% 19
\BOOKMARK [1][-]{section.4.8}{Podglad i manualna edycja planu lekcji}{chapter.4}% 20
\BOOKMARK [0][-]{chapter.5}{Specyfikacja wewnetrzna}{}% 21
\BOOKMARK [1][-]{section.5.1}{Architektura systemu}{chapter.5}% 22
\BOOKMARK [2][-]{subsection.5.1.1}{Architektura sterowana zdarzeniami \(EDA\)}{section.5.1}% 23
\BOOKMARK [2][-]{subsection.5.1.2}{Projektowanie sterowane dziedzina \(DDD\)}{section.5.1}% 24
\BOOKMARK [2][-]{subsection.5.1.3}{Wielotenantowosc}{section.5.1}% 25
\BOOKMARK [1][-]{section.5.2}{Wzorzec wstrzykiwania zaleznosci}{chapter.5}% 26
\BOOKMARK [1][-]{section.5.3}{Szczeg\363\233y implementacji}{chapter.5}% 27
\BOOKMARK [2][-]{subsection.5.3.1}{Opis wazniejszych element\363w}{section.5.3}% 28
\BOOKMARK [2][-]{subsection.5.3.2}{Implementacja mechanizmu generujacego harmonogram}{section.5.3}% 29
\BOOKMARK [2][-]{subsection.5.3.3}{Algorytm generujacy propozycje wydarzen}{section.5.3}% 30
\BOOKMARK [2][-]{subsection.5.3.4}{Implementacja architektury sterowanej zdarzeniami}{section.5.3}% 31
\BOOKMARK [2][-]{subsection.5.3.5}{Wstrzykiwanie zaleznosci przez biblioteke Spring}{section.5.3}% 32
\BOOKMARK [2][-]{subsection.5.3.6}{Realizacja koncepcji projektowania sterowanego dziedzina}{section.5.3}% 33
\BOOKMARK [2][-]{subsection.5.3.7}{Inicjalizacja aplikacji}{section.5.3}% 34
\BOOKMARK [2][-]{subsection.5.3.8}{Komunikacja z baza danych}{section.5.3}% 35
\BOOKMARK [2][-]{subsection.5.3.9}{Implementacja wielotenantowosci}{section.5.3}% 36
\BOOKMARK [0][-]{chapter.6}{Testowanie i uruchamianie}{}% 37
\BOOKMARK [0][-]{chapter.7}{Uwagi o przebiegu i wynikach prac}{}% 38
\BOOKMARK [0][-]{chapter.8}{Podsumowanie}{}% 39
